This file contains any messages produced by compilers while
running configure, to aid debugging if configure makes a mistake.

It was created by configure, which was
generated by GNU Autoconf 2.59.  Invocation command line was

  $ ./configure --with-apache=/usr/local/globule-Setup2

## --------- ##
## Platform. ##
## --------- ##

hostname = pragya-VirtualBox
uname -m = x86_64
uname -r = 3.19.0-16-generic
uname -s = Linux
uname -v = #16-Ubuntu SMP Thu Apr 30 16:09:58 UTC 2015

/usr/bin/uname -p = unknown
/bin/uname -X     = unknown

/bin/arch              = unknown
/usr/bin/arch -k       = unknown
/usr/convex/getsysinfo = unknown
hostinfo               = unknown
/bin/machine           = unknown
/usr/bin/oslevel       = unknown
/bin/universe          = unknown

PATH: /usr/local/sbin
PATH: /usr/local/bin
PATH: /usr/sbin
PATH: /usr/bin
PATH: /sbin
PATH: /bin


## ----------- ##
## Core tests. ##
## ----------- ##

configure:1548: checking build system type
configure:1566: result: x86_64-unknown-linux-gnu
configure:1574: checking host system type
configure:1588: result: x86_64-unknown-linux-gnu
configure:1596: checking target system type
configure:1610: result: x86_64-unknown-linux-gnu
configure:1638: checking for a BSD-compatible install
configure:1693: result: /usr/bin/install -c
configure:1704: checking whether build environment is sane
configure:1747: result: yes
configure:1812: checking for gawk
configure:1841: result: no
configure:1812: checking for mawk
configure:1828: found /usr/bin/mawk
configure:1838: result: mawk
configure:1848: checking whether make sets $(MAKE)
configure:1868: result: yes
configure:2094: checking for gcc
configure:2110: found /usr/bin/gcc
configure:2120: result: gcc
configure:2364: checking for C compiler version
configure:2367: gcc --version </dev/null >&5
gcc (Ubuntu 4.9.2-10ubuntu13) 4.9.2
Copyright (C) 2014 Free Software Foundation, Inc.
This is free software; see the source for copying conditions.  There is NO
warranty; not even for MERCHANTABILITY or FITNESS FOR A PARTICULAR PURPOSE.

configure:2370: $? = 0
configure:2372: gcc -v </dev/null >&5
Using built-in specs.
COLLECT_GCC=gcc
COLLECT_LTO_WRAPPER=/usr/lib/gcc/x86_64-linux-gnu/4.9/lto-wrapper
Target: x86_64-linux-gnu
Configured with: ../src/configure -v --with-pkgversion='Ubuntu 4.9.2-10ubuntu13' --with-bugurl=file:///usr/share/doc/gcc-4.9/README.Bugs --enable-languages=c,c++,java,go,d,fortran,objc,obj-c++ --prefix=/usr --program-suffix=-4.9 --enable-shared --enable-linker-build-id --libexecdir=/usr/lib --without-included-gettext --enable-threads=posix --with-gxx-include-dir=/usr/include/c++/4.9 --libdir=/usr/lib --enable-nls --with-sysroot=/ --enable-clocale=gnu --enable-libstdcxx-debug --enable-libstdcxx-time=yes --enable-gnu-unique-object --disable-vtable-verify --enable-plugin --with-system-zlib --disable-browser-plugin --enable-java-awt=gtk --enable-gtk-cairo --with-java-home=/usr/lib/jvm/java-1.5.0-gcj-4.9-amd64/jre --enable-java-home --with-jvm-root-dir=/usr/lib/jvm/java-1.5.0-gcj-4.9-amd64 --with-jvm-jar-dir=/usr/lib/jvm-exports/java-1.5.0-gcj-4.9-amd64 --with-arch-directory=amd64 --with-ecj-jar=/usr/share/java/eclipse-ecj.jar --enable-objc-gc --enable-multiarch --disable-werror --with-arch-32=i686 --with-abi=m64 --with-multilib-list=m32,m64,mx32 --enable-multilib --with-tune=generic --enable-checking=release --build=x86_64-linux-gnu --host=x86_64-linux-gnu --target=x86_64-linux-gnu
Thread model: posix
gcc version 4.9.2 (Ubuntu 4.9.2-10ubuntu13) 
configure:2375: $? = 0
configure:2377: gcc -V </dev/null >&5
gcc: error: unrecognized command line option '-V'
gcc: fatal error: no input files
compilation terminated.
configure:2380: $? = 4
configure:2403: checking for C compiler default output file name
configure:2406: gcc    conftest.c  >&5
configure:2409: $? = 0
configure:2455: result: a.out
configure:2460: checking whether the C compiler works
configure:2466: ./a.out
configure:2469: $? = 0
configure:2486: result: yes
configure:2493: checking whether we are cross compiling
configure:2495: result: no
configure:2498: checking for suffix of executables
configure:2500: gcc -o conftest    conftest.c  >&5
configure:2503: $? = 0
configure:2528: result: 
configure:2534: checking for suffix of object files
configure:2555: gcc -c   conftest.c >&5
configure:2558: $? = 0
configure:2580: result: o
configure:2584: checking whether we are using the GNU C compiler
configure:2608: gcc -c   conftest.c >&5
configure:2614: $? = 0
configure:2618: test -z 
			 || test ! -s conftest.err
configure:2621: $? = 0
configure:2624: test -s conftest.o
configure:2627: $? = 0
configure:2640: result: yes
configure:2646: checking whether gcc accepts -g
configure:2667: gcc -c -g  conftest.c >&5
configure:2673: $? = 0
configure:2677: test -z 
			 || test ! -s conftest.err
configure:2680: $? = 0
configure:2683: test -s conftest.o
configure:2686: $? = 0
configure:2697: result: yes
configure:2714: checking for gcc option to accept ANSI C
configure:2784: gcc  -c -g -O2  conftest.c >&5
configure:2790: $? = 0
configure:2794: test -z 
			 || test ! -s conftest.err
configure:2797: $? = 0
configure:2800: test -s conftest.o
configure:2803: $? = 0
configure:2821: result: none needed
configure:2839: gcc -c -g -O2  conftest.c >&5
conftest.c:2:3: error: unknown type name 'choke'
   choke me
   ^
conftest.c:2:3: error: expected '=', ',', ';', 'asm' or '__attribute__' at end of input
configure:2845: $? = 1
configure: failed program was:
| #ifndef __cplusplus
|   choke me
| #endif
configure:2989: checking for style of include used by make
configure:3017: result: GNU
configure:3045: checking dependency style of gcc
configure:3135: result: gcc3
configure:3204: checking for g++
configure:3220: found /usr/bin/g++
configure:3230: result: g++
configure:3246: checking for C++ compiler version
configure:3249: g++ --version </dev/null >&5
g++ (Ubuntu 4.9.2-10ubuntu13) 4.9.2
Copyright (C) 2014 Free Software Foundation, Inc.
This is free software; see the source for copying conditions.  There is NO
warranty; not even for MERCHANTABILITY or FITNESS FOR A PARTICULAR PURPOSE.

configure:3252: $? = 0
configure:3254: g++ -v </dev/null >&5
Using built-in specs.
COLLECT_GCC=g++
COLLECT_LTO_WRAPPER=/usr/lib/gcc/x86_64-linux-gnu/4.9/lto-wrapper
Target: x86_64-linux-gnu
Configured with: ../src/configure -v --with-pkgversion='Ubuntu 4.9.2-10ubuntu13' --with-bugurl=file:///usr/share/doc/gcc-4.9/README.Bugs --enable-languages=c,c++,java,go,d,fortran,objc,obj-c++ --prefix=/usr --program-suffix=-4.9 --enable-shared --enable-linker-build-id --libexecdir=/usr/lib --without-included-gettext --enable-threads=posix --with-gxx-include-dir=/usr/include/c++/4.9 --libdir=/usr/lib --enable-nls --with-sysroot=/ --enable-clocale=gnu --enable-libstdcxx-debug --enable-libstdcxx-time=yes --enable-gnu-unique-object --disable-vtable-verify --enable-plugin --with-system-zlib --disable-browser-plugin --enable-java-awt=gtk --enable-gtk-cairo --with-java-home=/usr/lib/jvm/java-1.5.0-gcj-4.9-amd64/jre --enable-java-home --with-jvm-root-dir=/usr/lib/jvm/java-1.5.0-gcj-4.9-amd64 --with-jvm-jar-dir=/usr/lib/jvm-exports/java-1.5.0-gcj-4.9-amd64 --with-arch-directory=amd64 --with-ecj-jar=/usr/share/java/eclipse-ecj.jar --enable-objc-gc --enable-multiarch --disable-werror --with-arch-32=i686 --with-abi=m64 --with-multilib-list=m32,m64,mx32 --enable-multilib --with-tune=generic --enable-checking=release --build=x86_64-linux-gnu --host=x86_64-linux-gnu --target=x86_64-linux-gnu
Thread model: posix
gcc version 4.9.2 (Ubuntu 4.9.2-10ubuntu13) 
configure:3257: $? = 0
configure:3259: g++ -V </dev/null >&5
g++: error: unrecognized command line option '-V'
g++: fatal error: no input files
compilation terminated.
configure:3262: $? = 4
configure:3265: checking whether we are using the GNU C++ compiler
configure:3289: g++ -c   conftest.cc >&5
configure:3295: $? = 0
configure:3299: test -z 
			 || test ! -s conftest.err
configure:3302: $? = 0
configure:3305: test -s conftest.o
configure:3308: $? = 0
configure:3321: result: yes
configure:3327: checking whether g++ accepts -g
configure:3348: g++ -c -g  conftest.cc >&5
configure:3354: $? = 0
configure:3358: test -z 
			 || test ! -s conftest.err
configure:3361: $? = 0
configure:3364: test -s conftest.o
configure:3367: $? = 0
configure:3378: result: yes
configure:3420: g++ -c -g -O2  conftest.cc >&5
configure:3426: $? = 0
configure:3430: test -z 
			 || test ! -s conftest.err
configure:3433: $? = 0
configure:3436: test -s conftest.o
configure:3439: $? = 0
configure:3465: g++ -c -g -O2  conftest.cc >&5
conftest.cc: In function 'int main()':
conftest.cc:15:9: error: 'exit' was not declared in this scope
 exit (42);
         ^
configure:3471: $? = 1
configure: failed program was:
| /* confdefs.h.  */
| 
| #define PACKAGE_NAME ""
| #define PACKAGE_TARNAME ""
| #define PACKAGE_VERSION ""
| #define PACKAGE_STRING ""
| #define PACKAGE_BUGREPORT ""
| #define PACKAGE "mod-globule"
| #define VERSION "1.3.2"
| /* end confdefs.h.  */
| 
| int
| main ()
| {
| exit (42);
|   ;
|   return 0;
| }
configure:3420: g++ -c -g -O2  conftest.cc >&5
conftest.cc:11:40: error: 'void std::exit(int)' should have been declared inside 'std'
 extern "C" void std::exit (int) throw (); using std::exit;
                                        ^
configure:3426: $? = 1
configure: failed program was:
| /* confdefs.h.  */
| 
| #define PACKAGE_NAME ""
| #define PACKAGE_TARNAME ""
| #define PACKAGE_VERSION ""
| #define PACKAGE_STRING ""
| #define PACKAGE_BUGREPORT ""
| #define PACKAGE "mod-globule"
| #define VERSION "1.3.2"
| /* end confdefs.h.  */
| extern "C" void std::exit (int) throw (); using std::exit;
| #include <stdlib.h>
| int
| main ()
| {
| exit (42);
|   ;
|   return 0;
| }
configure:3420: g++ -c -g -O2  conftest.cc >&5
conftest.cc:11:31: error: 'void std::exit(int)' should have been declared inside 'std'
 extern "C" void std::exit (int); using std::exit;
                               ^
In file included from conftest.cc:12:0:
/usr/include/stdlib.h:543:70: error: declaration of 'void std::exit(int) throw ()' has a different exception specifier
 extern void exit (int __status) __THROW __attribute__ ((__noreturn__));
                                                                      ^
conftest.cc:11:17: error: from previous declaration 'void std::exit(int)'
 extern "C" void std::exit (int); using std::exit;
                 ^
configure:3426: $? = 1
configure: failed program was:
| /* confdefs.h.  */
| 
| #define PACKAGE_NAME ""
| #define PACKAGE_TARNAME ""
| #define PACKAGE_VERSION ""
| #define PACKAGE_STRING ""
| #define PACKAGE_BUGREPORT ""
| #define PACKAGE "mod-globule"
| #define VERSION "1.3.2"
| /* end confdefs.h.  */
| extern "C" void std::exit (int); using std::exit;
| #include <stdlib.h>
| int
| main ()
| {
| exit (42);
|   ;
|   return 0;
| }
configure:3420: g++ -c -g -O2  conftest.cc >&5
configure:3426: $? = 0
configure:3430: test -z 
			 || test ! -s conftest.err
configure:3433: $? = 0
configure:3436: test -s conftest.o
configure:3439: $? = 0
configure:3465: g++ -c -g -O2  conftest.cc >&5
configure:3471: $? = 0
configure:3475: test -z 
			 || test ! -s conftest.err
configure:3478: $? = 0
configure:3481: test -s conftest.o
configure:3484: $? = 0
configure:3509: checking dependency style of g++
configure:3599: result: gcc3
configure:3619: checking for g++ compiler version
configure:3631: result: 4.9.2 ok
configure:3649: checking how to run the C++ preprocessor
configure:3680: g++ -E  conftest.cc
configure:3686: $? = 0
configure:3718: g++ -E  conftest.cc
conftest.cc:14:28: fatal error: ac_nonexistent.h: No such file or directory
 #include <ac_nonexistent.h>
                            ^
compilation terminated.
configure:3724: $? = 1
configure: failed program was:
| /* confdefs.h.  */
| 
| #define PACKAGE_NAME ""
| #define PACKAGE_TARNAME ""
| #define PACKAGE_VERSION ""
| #define PACKAGE_STRING ""
| #define PACKAGE_BUGREPORT ""
| #define PACKAGE "mod-globule"
| #define VERSION "1.3.2"
| #ifdef __cplusplus
| extern "C" void exit (int) throw ();
| #endif
| /* end confdefs.h.  */
| #include <ac_nonexistent.h>
configure:3763: result: g++ -E
configure:3787: g++ -E  conftest.cc
configure:3793: $? = 0
configure:3825: g++ -E  conftest.cc
conftest.cc:14:28: fatal error: ac_nonexistent.h: No such file or directory
 #include <ac_nonexistent.h>
                            ^
compilation terminated.
configure:3831: $? = 1
configure: failed program was:
| /* confdefs.h.  */
| 
| #define PACKAGE_NAME ""
| #define PACKAGE_TARNAME ""
| #define PACKAGE_VERSION ""
| #define PACKAGE_STRING ""
| #define PACKAGE_BUGREPORT ""
| #define PACKAGE "mod-globule"
| #define VERSION "1.3.2"
| #ifdef __cplusplus
| extern "C" void exit (int) throw ();
| #endif
| /* end confdefs.h.  */
| #include <ac_nonexistent.h>
configure:3875: checking for egrep
configure:3885: result: grep -E
configure:3890: checking for ANSI C header files
configure:3915: g++ -c -g -O2  conftest.cc >&5
configure:3921: $? = 0
configure:3925: test -z 
			 || test ! -s conftest.err
configure:3928: $? = 0
configure:3931: test -s conftest.o
configure:3934: $? = 0
configure:4023: g++ -o conftest -g -O2   conftest.cc  >&5
configure:4026: $? = 0
configure:4028: ./conftest
configure:4031: $? = 0
configure:4046: result: yes
configure:4057: checking for gethostbyname in -lresolv
configure:4087: g++ -o conftest -g -O2   conftest.cc -lresolv   >&5
configure:4093: $? = 0
configure:4097: test -z 
			 || test ! -s conftest.err
configure:4100: $? = 0
configure:4103: test -s conftest
configure:4106: $? = 0
configure:4119: result: yes
configure:4131: checking for mysql_store_result in -lmysqlclient
configure:4161: g++ -o conftest -g -O2   conftest.cc -lmysqlclient  -lresolv  >&5
/usr/bin/ld: cannot find -lmysqlclient
collect2: error: ld returned 1 exit status
configure:4167: $? = 1
configure: failed program was:
| /* confdefs.h.  */
| 
| #define PACKAGE_NAME ""
| #define PACKAGE_TARNAME ""
| #define PACKAGE_VERSION ""
| #define PACKAGE_STRING ""
| #define PACKAGE_BUGREPORT ""
| #define PACKAGE "mod-globule"
| #define VERSION "1.3.2"
| #ifdef __cplusplus
| extern "C" void exit (int) throw ();
| #endif
| #define STDC_HEADERS 1
| #define HAVE_LIBRESOLV 1
| /* end confdefs.h.  */
| 
| /* Override any gcc2 internal prototype to avoid an error.  */
| #ifdef __cplusplus
| extern "C"
| #endif
| /* We use char because int might match the return type of a gcc2
|    builtin and then its argument prototype would still apply.  */
| char mysql_store_result ();
| int
| main ()
| {
| mysql_store_result ();
|   ;
|   return 0;
| }
configure:4193: result: no
configure:4205: checking for gzopen in -lz
configure:4235: g++ -o conftest -g -O2   conftest.cc -lz  -lresolv  >&5
configure:4241: $? = 0
configure:4245: test -z 
			 || test ! -s conftest.err
configure:4248: $? = 0
configure:4251: test -s conftest
configure:4254: $? = 0
configure:4267: result: yes
configure:4292: checking for sys/types.h
configure:4308: g++ -c -g -O2  conftest.cc >&5
configure:4314: $? = 0
configure:4318: test -z 
			 || test ! -s conftest.err
configure:4321: $? = 0
configure:4324: test -s conftest.o
configure:4327: $? = 0
configure:4338: result: yes
configure:4292: checking for sys/stat.h
configure:4308: g++ -c -g -O2  conftest.cc >&5
configure:4314: $? = 0
configure:4318: test -z 
			 || test ! -s conftest.err
configure:4321: $? = 0
configure:4324: test -s conftest.o
configure:4327: $? = 0
configure:4338: result: yes
configure:4292: checking for stdlib.h
configure:4308: g++ -c -g -O2  conftest.cc >&5
configure:4314: $? = 0
configure:4318: test -z 
			 || test ! -s conftest.err
configure:4321: $? = 0
configure:4324: test -s conftest.o
configure:4327: $? = 0
configure:4338: result: yes
configure:4292: checking for string.h
configure:4308: g++ -c -g -O2  conftest.cc >&5
configure:4314: $? = 0
configure:4318: test -z 
			 || test ! -s conftest.err
configure:4321: $? = 0
configure:4324: test -s conftest.o
configure:4327: $? = 0
configure:4338: result: yes
configure:4292: checking for memory.h
configure:4308: g++ -c -g -O2  conftest.cc >&5
configure:4314: $? = 0
configure:4318: test -z 
			 || test ! -s conftest.err
configure:4321: $? = 0
configure:4324: test -s conftest.o
configure:4327: $? = 0
configure:4338: result: yes
configure:4292: checking for strings.h
configure:4308: g++ -c -g -O2  conftest.cc >&5
configure:4314: $? = 0
configure:4318: test -z 
			 || test ! -s conftest.err
configure:4321: $? = 0
configure:4324: test -s conftest.o
configure:4327: $? = 0
configure:4338: result: yes
configure:4292: checking for inttypes.h
configure:4308: g++ -c -g -O2  conftest.cc >&5
configure:4314: $? = 0
configure:4318: test -z 
			 || test ! -s conftest.err
configure:4321: $? = 0
configure:4324: test -s conftest.o
configure:4327: $? = 0
configure:4338: result: yes
configure:4292: checking for stdint.h
configure:4308: g++ -c -g -O2  conftest.cc >&5
configure:4314: $? = 0
configure:4318: test -z 
			 || test ! -s conftest.err
configure:4321: $? = 0
configure:4324: test -s conftest.o
configure:4327: $? = 0
configure:4338: result: yes
configure:4292: checking for unistd.h
configure:4308: g++ -c -g -O2  conftest.cc >&5
configure:4314: $? = 0
configure:4318: test -z 
			 || test ! -s conftest.err
configure:4321: $? = 0
configure:4324: test -s conftest.o
configure:4327: $? = 0
configure:4338: result: yes
configure:4361: checking for strings.h
configure:4366: result: yes
configure:4361: checking for unistd.h
configure:4366: result: yes
configure:4370: checking math.h usability
configure:4382: g++ -c -g -O2  conftest.cc >&5
configure:4388: $? = 0
configure:4392: test -z 
			 || test ! -s conftest.err
configure:4395: $? = 0
configure:4398: test -s conftest.o
configure:4401: $? = 0
configure:4411: result: yes
configure:4415: checking math.h presence
configure:4425: g++ -E  conftest.cc
configure:4431: $? = 0
configure:4451: result: yes
configure:4486: checking for math.h
configure:4493: result: yes
configure:4370: checking getopt.h usability
configure:4382: g++ -c -g -O2  conftest.cc >&5
configure:4388: $? = 0
configure:4392: test -z 
			 || test ! -s conftest.err
configure:4395: $? = 0
configure:4398: test -s conftest.o
configure:4401: $? = 0
configure:4411: result: yes
configure:4415: checking getopt.h presence
configure:4425: g++ -E  conftest.cc
configure:4431: $? = 0
configure:4451: result: yes
configure:4486: checking for getopt.h
configure:4493: result: yes
configure:4370: checking limits.h usability
configure:4382: g++ -c -g -O2  conftest.cc >&5
configure:4388: $? = 0
configure:4392: test -z 
			 || test ! -s conftest.err
configure:4395: $? = 0
configure:4398: test -s conftest.o
configure:4401: $? = 0
configure:4411: result: yes
configure:4415: checking limits.h presence
configure:4425: g++ -E  conftest.cc
configure:4431: $? = 0
configure:4451: result: yes
configure:4486: checking for limits.h
configure:4493: result: yes
configure:4370: checking values.h usability
configure:4382: g++ -c -g -O2  conftest.cc >&5
configure:4388: $? = 0
configure:4392: test -z 
			 || test ! -s conftest.err
configure:4395: $? = 0
configure:4398: test -s conftest.o
configure:4401: $? = 0
configure:4411: result: yes
configure:4415: checking values.h presence
configure:4425: g++ -E  conftest.cc
configure:4431: $? = 0
configure:4451: result: yes
configure:4486: checking for values.h
configure:4493: result: yes
configure:4370: checking zlib.h usability
configure:4382: g++ -c -g -O2  conftest.cc >&5
configure:4388: $? = 0
configure:4392: test -z 
			 || test ! -s conftest.err
configure:4395: $? = 0
configure:4398: test -s conftest.o
configure:4401: $? = 0
configure:4411: result: yes
configure:4415: checking zlib.h presence
configure:4425: g++ -E  conftest.cc
configure:4431: $? = 0
configure:4451: result: yes
configure:4486: checking for zlib.h
configure:4493: result: yes
configure:4512: checking for getopt_long
configure:4569: g++ -o conftest -g -O2   conftest.cc -lz -lresolv  >&5
configure:4575: $? = 0
configure:4579: test -z 
			 || test ! -s conftest.err
configure:4582: $? = 0
configure:4585: test -s conftest
configure:4588: $? = 0
configure:4600: result: yes
configure:4512: checking for lrint
configure:4569: g++ -o conftest -g -O2   conftest.cc -lz -lresolv  >&5
configure:4575: $? = 0
configure:4579: test -z 
			 || test ! -s conftest.err
configure:4582: $? = 0
configure:4585: test -s conftest
configure:4588: $? = 0
configure:4600: result: yes
configure:4512: checking for llrint
configure:4569: g++ -o conftest -g -O2   conftest.cc -lz -lresolv  >&5
configure:4575: $? = 0
configure:4579: test -z 
			 || test ! -s conftest.err
configure:4582: $? = 0
configure:4585: test -s conftest
configure:4588: $? = 0
configure:4600: result: yes
configure:4828: checking for a BSD-compatible install
configure:4883: result: /usr/bin/install -c
configure:4966: checking for a sed that does not truncate output
configure:5020: result: /bin/sed
configure:5034: checking for ld used by gcc
configure:5101: result: /usr/bin/ld
configure:5110: checking if the linker (/usr/bin/ld) is GNU ld
configure:5125: result: yes
configure:5130: checking for /usr/bin/ld option to reload object files
configure:5137: result: -r
configure:5155: checking for BSD-compatible nm
configure:5204: result: /usr/bin/nm -B
configure:5208: checking whether ln -s works
configure:5212: result: yes
configure:5219: checking how to recognise dependent libraries
configure:5395: result: pass_all
configure:5483: g++ -c -g -O2  conftest.cc >&5
configure:5486: $? = 0
configure:5632: checking how to run the C preprocessor
configure:5667: gcc -E  conftest.c
configure:5673: $? = 0
configure:5705: gcc -E  conftest.c
conftest.c:36:28: fatal error: ac_nonexistent.h: No such file or directory
 #include <ac_nonexistent.h>
                            ^
compilation terminated.
configure:5711: $? = 1
configure: failed program was:
| /* confdefs.h.  */
| 
| #define PACKAGE_NAME ""
| #define PACKAGE_TARNAME ""
| #define PACKAGE_VERSION ""
| #define PACKAGE_STRING ""
| #define PACKAGE_BUGREPORT ""
| #define PACKAGE "mod-globule"
| #define VERSION "1.3.2"
| #ifdef __cplusplus
| extern "C" void exit (int) throw ();
| #endif
| #define STDC_HEADERS 1
| #define HAVE_LIBRESOLV 1
| #define HAVE_LIBZ 1
| #define HAVE_SYS_TYPES_H 1
| #define HAVE_SYS_STAT_H 1
| #define HAVE_STDLIB_H 1
| #define HAVE_STRING_H 1
| #define HAVE_MEMORY_H 1
| #define HAVE_STRINGS_H 1
| #define HAVE_INTTYPES_H 1
| #define HAVE_STDINT_H 1
| #define HAVE_UNISTD_H 1
| #define HAVE_STRINGS_H 1
| #define HAVE_UNISTD_H 1
| #define HAVE_MATH_H 1
| #define HAVE_GETOPT_H 1
| #define HAVE_LIMITS_H 1
| #define HAVE_VALUES_H 1
| #define HAVE_ZLIB_H 1
| #define HAVE_GETOPT_LONG 1
| #define HAVE_LRINT 1
| #define HAVE_LLRINT 1
| /* end confdefs.h.  */
| #include <ac_nonexistent.h>
configure:5750: result: gcc -E
configure:5774: gcc -E  conftest.c
configure:5780: $? = 0
configure:5812: gcc -E  conftest.c
conftest.c:36:28: fatal error: ac_nonexistent.h: No such file or directory
 #include <ac_nonexistent.h>
                            ^
compilation terminated.
configure:5818: $? = 1
configure: failed program was:
| /* confdefs.h.  */
| 
| #define PACKAGE_NAME ""
| #define PACKAGE_TARNAME ""
| #define PACKAGE_VERSION ""
| #define PACKAGE_STRING ""
| #define PACKAGE_BUGREPORT ""
| #define PACKAGE "mod-globule"
| #define VERSION "1.3.2"
| #ifdef __cplusplus
| extern "C" void exit (int) throw ();
| #endif
| #define STDC_HEADERS 1
| #define HAVE_LIBRESOLV 1
| #define HAVE_LIBZ 1
| #define HAVE_SYS_TYPES_H 1
| #define HAVE_SYS_STAT_H 1
| #define HAVE_STDLIB_H 1
| #define HAVE_STRING_H 1
| #define HAVE_MEMORY_H 1
| #define HAVE_STRINGS_H 1
| #define HAVE_INTTYPES_H 1
| #define HAVE_STDINT_H 1
| #define HAVE_UNISTD_H 1
| #define HAVE_STRINGS_H 1
| #define HAVE_UNISTD_H 1
| #define HAVE_MATH_H 1
| #define HAVE_GETOPT_H 1
| #define HAVE_LIMITS_H 1
| #define HAVE_VALUES_H 1
| #define HAVE_ZLIB_H 1
| #define HAVE_GETOPT_LONG 1
| #define HAVE_LRINT 1
| #define HAVE_LLRINT 1
| /* end confdefs.h.  */
| #include <ac_nonexistent.h>
configure:5876: checking dlfcn.h usability
configure:5888: gcc -c -g -O2  conftest.c >&5
configure:5894: $? = 0
configure:5898: test -z 
			 || test ! -s conftest.err
configure:5901: $? = 0
configure:5904: test -s conftest.o
configure:5907: $? = 0
configure:5917: result: yes
configure:5921: checking dlfcn.h presence
configure:5931: gcc -E  conftest.c
configure:5937: $? = 0
configure:5957: result: yes
configure:5992: checking for dlfcn.h
configure:5999: result: yes
configure:6022: checking how to run the C++ preprocessor
configure:6136: result: g++ -E
configure:6160: g++ -E  conftest.cc
configure:6166: $? = 0
configure:6198: g++ -E  conftest.cc
conftest.cc:37:28: fatal error: ac_nonexistent.h: No such file or directory
 #include <ac_nonexistent.h>
                            ^
compilation terminated.
configure:6204: $? = 1
configure: failed program was:
| /* confdefs.h.  */
| 
| #define PACKAGE_NAME ""
| #define PACKAGE_TARNAME ""
| #define PACKAGE_VERSION ""
| #define PACKAGE_STRING ""
| #define PACKAGE_BUGREPORT ""
| #define PACKAGE "mod-globule"
| #define VERSION "1.3.2"
| #ifdef __cplusplus
| extern "C" void exit (int) throw ();
| #endif
| #define STDC_HEADERS 1
| #define HAVE_LIBRESOLV 1
| #define HAVE_LIBZ 1
| #define HAVE_SYS_TYPES_H 1
| #define HAVE_SYS_STAT_H 1
| #define HAVE_STDLIB_H 1
| #define HAVE_STRING_H 1
| #define HAVE_MEMORY_H 1
| #define HAVE_STRINGS_H 1
| #define HAVE_INTTYPES_H 1
| #define HAVE_STDINT_H 1
| #define HAVE_UNISTD_H 1
| #define HAVE_STRINGS_H 1
| #define HAVE_UNISTD_H 1
| #define HAVE_MATH_H 1
| #define HAVE_GETOPT_H 1
| #define HAVE_LIMITS_H 1
| #define HAVE_VALUES_H 1
| #define HAVE_ZLIB_H 1
| #define HAVE_GETOPT_LONG 1
| #define HAVE_LRINT 1
| #define HAVE_LLRINT 1
| #define HAVE_DLFCN_H 1
| /* end confdefs.h.  */
| #include <ac_nonexistent.h>
configure:6300: checking for g77
configure:6329: result: no
configure:6300: checking for f77
configure:6329: result: no
configure:6300: checking for xlf
configure:6329: result: no
configure:6300: checking for frt
configure:6329: result: no
configure:6300: checking for pgf77
configure:6329: result: no
configure:6300: checking for fort77
configure:6329: result: no
configure:6300: checking for fl32
configure:6329: result: no
configure:6300: checking for af77
configure:6329: result: no
configure:6300: checking for f90
configure:6329: result: no
configure:6300: checking for xlf90
configure:6329: result: no
configure:6300: checking for pgf90
configure:6329: result: no
configure:6300: checking for epcf90
configure:6329: result: no
configure:6300: checking for f95
configure:6329: result: no
configure:6300: checking for fort
configure:6329: result: no
configure:6300: checking for xlf95
configure:6329: result: no
configure:6300: checking for ifc
configure:6329: result: no
configure:6300: checking for efc
configure:6329: result: no
configure:6300: checking for pgf95
configure:6329: result: no
configure:6300: checking for lf95
configure:6329: result: no
configure:6300: checking for gfortran
configure:6329: result: no
configure:6341: checking for Fortran 77 compiler version
configure:6344:  --version </dev/null >&5
./configure: line 6345: --version: command not found
configure:6347: $? = 127
configure:6349:  -v </dev/null >&5
./configure: line 6350: -v: command not found
configure:6352: $? = 127
configure:6354:  -V </dev/null >&5
./configure: line 6355: -V: command not found
configure:6357: $? = 127
configure:6365: checking whether we are using the GNU Fortran 77 compiler
configure:6379:  -c  conftest.F >&5
./configure: line 6380: -c: command not found
configure:6385: $? = 127
configure: failed program was:
|       program main
| #ifndef __GNUC__
|        choke me
| #endif
| 
|       end
configure:6411: result: no
configure:6417: checking whether  accepts -g
configure:6429:  -c -g conftest.f >&5
./configure: line 6430: -c: command not found
configure:6435: $? = 127
configure: failed program was:
|       program main
| 
|       end
configure:6460: result: no
configure:6490: checking the maximum length of command line arguments
configure:6599: result: 32768
configure:6610: checking command to parse /usr/bin/nm -B output from gcc object
configure:6715: g++ -c -g -O2  conftest.cc >&5
configure:6718: $? = 0
configure:6722: /usr/bin/nm -B conftest.o \| sed -n -e 's/^.*[ 	]\([ABCDGIRSTW][ABCDGIRSTW]*\)[ 	][ 	]*\([_A-Za-z][_A-Za-z0-9]*\)$/\1 \2 \2/p' \> conftest.nm
configure:6725: $? = 0
configure:6777: g++ -o conftest -g -O2   conftest.cc conftstm.o >&5
configure:6780: $? = 0
configure:6818: result: ok
configure:6822: checking for objdir
configure:6837: result: .libs
configure:6927: checking for ar
configure:6943: found /usr/bin/ar
configure:6954: result: ar
configure:7007: checking for ranlib
configure:7023: found /usr/bin/ranlib
configure:7034: result: ranlib
configure:7087: checking for strip
configure:7103: found /usr/bin/strip
configure:7114: result: strip
configure:7386: checking if gcc supports -fno-rtti -fno-exceptions
configure:7404: gcc -c -g -O2  -fno-rtti -fno-exceptions conftest.c >&5
cc1: warning: command line option '-fno-rtti' is valid for C++/ObjC++ but not for C
configure:7408: $? = 0
configure:7421: result: no
configure:7436: checking for gcc option to produce PIC
configure:7646: result: -fPIC
configure:7654: checking if gcc PIC flag -fPIC works
configure:7672: gcc -c -g -O2  -fPIC -DPIC conftest.c >&5
configure:7676: $? = 0
configure:7689: result: yes
configure:7717: checking if gcc static flag -static works
configure:7745: result: yes
configure:7755: checking if gcc supports -c -o file.o
configure:7776: gcc -c -g -O2  -o out/conftest2.o conftest.c >&5
configure:7780: $? = 0
configure:7802: result: yes
configure:7828: checking whether the gcc linker (/usr/bin/ld -m elf_x86_64) supports shared libraries
configure:8786: result: yes
configure:8807: checking whether -lc should be explicitly linked in
configure:8812: gcc -c -g -O2  conftest.c >&5
configure:8815: $? = 0
configure:8830: gcc -shared conftest.o  -v -Wl,-soname -Wl,conftest -o conftest 2\>\&1 \| grep  -lc  \>/dev/null 2\>\&1
configure:8833: $? = 0
configure:8845: result: no
configure:8853: checking dynamic linker characteristics
configure:9441: result: GNU/Linux ld.so
configure:9450: checking how to hardcode library paths into programs
configure:9475: result: immediate
configure:9489: checking whether stripping libraries is possible
configure:9494: result: yes
configure:10328: checking if libtool supports shared libraries
configure:10330: result: yes
configure:10333: checking whether to build shared libraries
configure:10354: result: yes
configure:10357: checking whether to build static libraries
configure:10361: result: yes
configure:10453: creating libtool
configure:11041: checking for ld used by g++
configure:11108: result: /usr/bin/ld -m elf_x86_64
configure:11117: checking if the linker (/usr/bin/ld -m elf_x86_64) is GNU ld
configure:11132: result: yes
configure:11183: checking whether the g++ linker (/usr/bin/ld -m elf_x86_64) supports shared libraries
configure:12121: result: yes
configure:12139: g++ -c -g -O2  conftest.cpp >&5
configure:12142: $? = 0
configure:12261: checking for g++ option to produce PIC
configure:12535: result: -fPIC
configure:12543: checking if g++ PIC flag -fPIC works
configure:12561: g++ -c -g -O2  -fPIC -DPIC conftest.cpp >&5
configure:12565: $? = 0
configure:12578: result: yes
configure:12606: checking if g++ static flag -static works
configure:12634: result: yes
configure:12644: checking if g++ supports -c -o file.o
configure:12665: g++ -c -g -O2  -o out/conftest2.o conftest.cpp >&5
configure:12669: $? = 0
configure:12691: result: yes
configure:12717: checking whether the g++ linker (/usr/bin/ld -m elf_x86_64) supports shared libraries
configure:12742: result: yes
configure:12809: checking dynamic linker characteristics
configure:13397: result: GNU/Linux ld.so
configure:13406: checking how to hardcode library paths into programs
configure:13431: result: immediate
configure:19581: checking whether build environment is sane
configure:19624: result: yes
configure:19644: checking whether mandrake10 apr_vsnprintf problem
configure:19680: g++ -o conftest -g -O2   conftest.cc -lz -lresolv  >&5
conftest.cc: In function 'int main()':
conftest.cc:54:46: warning: deprecated conversion from string constant to 'char*' [-Wwrite-strings]
   fn("abcde0123456789","abcde%s","0123456789");
                                              ^
conftest.cc:54:46: warning: deprecated conversion from string constant to 'char*' [-Wwrite-strings]
configure:19683: $? = 0
configure:19685: ./conftest
configure:19688: $? = 1
configure: program exited with status 1
configure: failed program was:
| /* confdefs.h.  */
| 
| #define PACKAGE_NAME ""
| #define PACKAGE_TARNAME ""
| #define PACKAGE_VERSION ""
| #define PACKAGE_STRING ""
| #define PACKAGE_BUGREPORT ""
| #define PACKAGE "mod-globule"
| #define VERSION "1.3.2"
| #ifdef __cplusplus
| extern "C" void exit (int) throw ();
| #endif
| #define STDC_HEADERS 1
| #define HAVE_LIBRESOLV 1
| #define HAVE_LIBZ 1
| #define HAVE_SYS_TYPES_H 1
| #define HAVE_SYS_STAT_H 1
| #define HAVE_STDLIB_H 1
| #define HAVE_STRING_H 1
| #define HAVE_MEMORY_H 1
| #define HAVE_STRINGS_H 1
| #define HAVE_INTTYPES_H 1
| #define HAVE_STDINT_H 1
| #define HAVE_UNISTD_H 1
| #define HAVE_STRINGS_H 1
| #define HAVE_UNISTD_H 1
| #define HAVE_MATH_H 1
| #define HAVE_GETOPT_H 1
| #define HAVE_LIMITS_H 1
| #define HAVE_VALUES_H 1
| #define HAVE_ZLIB_H 1
| #define HAVE_GETOPT_LONG 1
| #define HAVE_LRINT 1
| #define HAVE_LLRINT 1
| #define HAVE_DLFCN_H 1
| /* end confdefs.h.  */
| #include <stdio.h>
| #include <stdlib.h>
| #include <string.h>
| #include <stdarg.h>
| char buffer[16];
| void fn(char *cmp, char *fmt, ...)
| {
|   va_list ap;
|   va_start(ap,fmt);
|   vsnprintf(buffer,16,fmt,ap);
|   if(strcmp(cmp,buffer)) exit(1);
|   vsnprintf(buffer,16,fmt,ap);
|   if(strcmp(cmp,buffer)) exit(1);
|   va_end(ap);
| }
| int main(void)
| {
|   fn("abcde0123456789","abcde%s","0123456789");
|   exit(0);
| }
configure:19703: result: no
configure:19706: WARNING: Mandrake/AMD64 Patch for apr_vsnprintf
configure:19720: checking for snprintf
configure:19777: g++ -o conftest -g -O2   conftest.cc -lz -lresolv  >&5
configure:19783: $? = 0
configure:19787: test -z 
			 || test ! -s conftest.err
configure:19790: $? = 0
configure:19793: test -s conftest
configure:19796: $? = 0
configure:19808: result: yes
configure:19720: checking for vsnprintf
configure:19777: g++ -o conftest -g -O2   conftest.cc -lz -lresolv  >&5
configure:19783: $? = 0
configure:19787: test -z 
			 || test ! -s conftest.err
configure:19790: $? = 0
configure:19793: test -s conftest
configure:19796: $? = 0
configure:19808: result: yes
configure:19818: checking for working snprintf
configure:19849: g++ -o conftest -g -O2   conftest.cc -lz -lresolv  >&5
configure:19852: $? = 0
configure:19854: ./conftest
configure:19857: $? = 0
configure:19872: result: yes
configure:19874: checking for working vsnprintf
configure:19915: g++ -o conftest -g -O2   conftest.cc -lz -lresolv  >&5
configure:19918: $? = 0
configure:19920: ./conftest
configure:19923: $? = 0
configure:19938: result: yes
configure:20089: checking for apxs
configure:20107: found /usr/local/globule-Setup2/bin/apxs
configure:20119: result: /usr/local/globule-Setup2/bin/apxs
configure:20181: checking for httpd
configure:20199: found /usr/local/globule-Setup2/bin/httpd
configure:20211: result: /usr/local/globule-Setup2/bin/httpd
configure:20252: checking for apr-1-config
configure:20270: found /usr/local/globule-Setup2/bin/apr-1-config
configure:20282: result: /usr/local/globule-Setup2/bin/apr-1-config
configure:20471: checking for apu-1-config
configure:20489: found /usr/local/globule-Setup2/bin/apu-1-config
configure:20501: result: /usr/local/globule-Setup2/bin/apu-1-config
configure:20678: checking Apache httpd version
configure:20681: result: Apache/2.2.0
configure:20698: checking Apache module directory
configure:20702: result: "/usr/local/globule-Setup2/modules"
configure:20704: checking Apache executable binaries directory
configure:20708: result: "/usr/local/globule-Setup2/bin"
configure:20712: result: "/usr/local/globule-Setup2/bin"
configure:20715: checking Apache MPM
configure:20721: result: prefork.. ok
configure:20824: checking apr.h usability
configure:20836: g++ -c  -D_REENTRANT -D_GNU_SOURCE -g -O2   -I/usr/local/globule-Setup2/include    -I/usr/local/globule-Setup2/include  -I/usr/local/globule-Setup2/include conftest.cc >&5
configure:20842: $? = 0
configure:20846: test -z 
			 || test ! -s conftest.err
configure:20849: $? = 0
configure:20852: test -s conftest.o
configure:20855: $? = 0
configure:20865: result: yes
configure:20869: checking apr.h presence
configure:20879: g++ -E  -I/usr/local/globule-Setup2/include    -I/usr/local/globule-Setup2/include  -I/usr/local/globule-Setup2/include conftest.cc
configure:20885: $? = 0
configure:20905: result: yes
configure:20940: checking for apr.h
configure:20947: result: yes
configure:20975: checking for perl
configure:20993: found /usr/bin/perl
configure:21006: result: /usr/bin/perl
configure:21267: creating ./config.status

## ---------------------- ##
## Running config.status. ##
## ---------------------- ##

This file was extended by config.status, which was
generated by GNU Autoconf 2.59.  Invocation command line was

  CONFIG_FILES    = 
  CONFIG_HEADERS  = 
  CONFIG_LINKS    = 
  CONFIG_COMMANDS = 
  $ ./config.status 

on pragya-VirtualBox

config.status:755: creating Makefile
config.status:755: creating globule/Makefile
config.status:755: creating globule/adapt/Makefile
config.status:755: creating psodium/Makefile
config.status:755: creating psodium/auditorctl
config.status:755: creating sample/Makefile
config.status:755: creating tests/Makefile
config.status:755: creating tests/psodium/Makefile
config.status:755: creating doc/Makefile
config.status:755: creating monitor/Makefile
config.status:755: creating tools/globulectl
config.status:859: creating globule/config.h
config.status:859: creating psodium/config.h
config.status:859: creating monitor/config.h
config.status:1177: executing depfiles commands

## ---------------- ##
## Cache variables. ##
## ---------------- ##

ac_cv_build=x86_64-unknown-linux-gnu
ac_cv_build_alias=x86_64-unknown-linux-gnu
ac_cv_c_compiler_gnu=yes
ac_cv_cxx_compiler_gnu=yes
ac_cv_env_CC_set=
ac_cv_env_CC_value=
ac_cv_env_CFLAGS_set=
ac_cv_env_CFLAGS_value=
ac_cv_env_CPPFLAGS_set=
ac_cv_env_CPPFLAGS_value=
ac_cv_env_CPP_set=
ac_cv_env_CPP_value=
ac_cv_env_CXXCPP_set=
ac_cv_env_CXXCPP_value=
ac_cv_env_CXXFLAGS_set=
ac_cv_env_CXXFLAGS_value=
ac_cv_env_CXX_set=
ac_cv_env_CXX_value=
ac_cv_env_F77_set=
ac_cv_env_F77_value=
ac_cv_env_FFLAGS_set=
ac_cv_env_FFLAGS_value=
ac_cv_env_LDFLAGS_set=
ac_cv_env_LDFLAGS_value=
ac_cv_env_build_alias_set=
ac_cv_env_build_alias_value=
ac_cv_env_host_alias_set=
ac_cv_env_host_alias_value=
ac_cv_env_target_alias_set=
ac_cv_env_target_alias_value=
ac_cv_exeext=
ac_cv_f77_compiler_gnu=no
ac_cv_func_getopt_long=yes
ac_cv_func_llrint=yes
ac_cv_func_lrint=yes
ac_cv_func_snprintf=yes
ac_cv_func_vsnprintf=yes
ac_cv_have_working_snprintf=yes
ac_cv_have_working_vsnprintf=yes
ac_cv_header_apr_h=yes
ac_cv_header_dlfcn_h=yes
ac_cv_header_getopt_h=yes
ac_cv_header_inttypes_h=yes
ac_cv_header_limits_h=yes
ac_cv_header_math_h=yes
ac_cv_header_memory_h=yes
ac_cv_header_stdc=yes
ac_cv_header_stdint_h=yes
ac_cv_header_stdlib_h=yes
ac_cv_header_string_h=yes
ac_cv_header_strings_h=yes
ac_cv_header_sys_stat_h=yes
ac_cv_header_sys_types_h=yes
ac_cv_header_unistd_h=yes
ac_cv_header_values_h=yes
ac_cv_header_zlib_h=yes
ac_cv_host=x86_64-unknown-linux-gnu
ac_cv_host_alias=x86_64-unknown-linux-gnu
ac_cv_lib_mysqlclient_mysql_store_result=no
ac_cv_lib_resolv_gethostbyname=yes
ac_cv_lib_z_gzopen=yes
ac_cv_mandrake10_apr_vsnprintf=no
ac_cv_objext=o
ac_cv_path_APRCONFIG=/usr/local/globule-Setup2/bin/apr-1-config
ac_cv_path_APUCONFIG=/usr/local/globule-Setup2/bin/apu-1-config
ac_cv_path_APXS=/usr/local/globule-Setup2/bin/apxs
ac_cv_path_HTTPD=/usr/local/globule-Setup2/bin/httpd
ac_cv_path_PERL=/usr/bin/perl
ac_cv_path_install='/usr/bin/install -c'
ac_cv_prog_AWK=mawk
ac_cv_prog_CPP='gcc -E'
ac_cv_prog_CXXCPP='g++ -E'
ac_cv_prog_ac_ct_AR=ar
ac_cv_prog_ac_ct_CC=gcc
ac_cv_prog_ac_ct_CXX=g++
ac_cv_prog_ac_ct_RANLIB=ranlib
ac_cv_prog_ac_ct_STRIP=strip
ac_cv_prog_cc_g=yes
ac_cv_prog_cc_stdc=
ac_cv_prog_cxx_g=yes
ac_cv_prog_egrep='grep -E'
ac_cv_prog_f77_g=no
ac_cv_prog_make_make_set=yes
ac_cv_target=x86_64-unknown-linux-gnu
ac_cv_target_alias=x86_64-unknown-linux-gnu
am_cv_CC_dependencies_compiler_type=gcc3
am_cv_CXX_dependencies_compiler_type=gcc3
lt_cv_deplibs_check_method=pass_all
lt_cv_file_magic_cmd='$MAGIC_CMD'
lt_cv_file_magic_test_file=
lt_cv_ld_reload_flag=-r
lt_cv_objdir=.libs
lt_cv_path_LD=/usr/bin/ld
lt_cv_path_LDCXX='/usr/bin/ld -m elf_x86_64'
lt_cv_path_NM='/usr/bin/nm -B'
lt_cv_path_SED=/bin/sed
lt_cv_prog_compiler_c_o=yes
lt_cv_prog_compiler_c_o_CXX=yes
lt_cv_prog_compiler_rtti_exceptions=no
lt_cv_prog_gnu_ld=yes
lt_cv_prog_gnu_ldcxx=yes
lt_cv_sys_global_symbol_pipe='sed -n -e '\''s/^.*[ 	]\([ABCDGIRSTW][ABCDGIRSTW]*\)[ 	][ 	]*\([_A-Za-z][_A-Za-z0-9]*\)$/\1 \2 \2/p'\'''
lt_cv_sys_global_symbol_to_c_name_address='sed -n -e '\''s/^: \([^ ]*\) $/  {\"\1\", (lt_ptr) 0},/p'\'' -e '\''s/^[BCDEGRST] \([^ ]*\) \([^ ]*\)$/  {"\2", (lt_ptr) \&\2},/p'\'''
lt_cv_sys_global_symbol_to_cdecl='sed -n -e '\''s/^. .* \(.*\)$/extern int \1;/p'\'''
lt_cv_sys_max_cmd_len=32768
lt_lt_cv_prog_compiler_c_o='"yes"'
lt_lt_cv_prog_compiler_c_o_CXX='"yes"'
lt_lt_cv_sys_global_symbol_pipe='"sed -n -e '\''s/^.*[ 	]\\([ABCDGIRSTW][ABCDGIRSTW]*\\)[ 	][ 	]*\\([_A-Za-z][_A-Za-z0-9]*\\)\$/\\1 \\2 \\2/p'\''"'
lt_lt_cv_sys_global_symbol_to_c_name_address='"sed -n -e '\''s/^: \\([^ ]*\\) \$/  {\\\"\\1\\\", (lt_ptr) 0},/p'\'' -e '\''s/^[BCDEGRST] \\([^ ]*\\) \\([^ ]*\\)\$/  {\"\\2\", (lt_ptr) \\&\\2},/p'\''"'
lt_lt_cv_sys_global_symbol_to_cdecl='"sed -n -e '\''s/^. .* \\(.*\\)\$/extern int \\1;/p'\''"'

## ----------------- ##
## Output variables. ##
## ----------------- ##

ACLOCAL='${SHELL} /home/pragya/Documents/globule/Setup2/mod-globule-1.3.2/missing --run aclocal-1.9'
AMDEPBACKSLASH='\'
AMDEP_FALSE='#'
AMDEP_TRUE=''
AMTAR='${SHELL} /home/pragya/Documents/globule/Setup2/mod-globule-1.3.2/missing --run tar'
APACHE='yes'
APRCONFIG='/usr/local/globule-Setup2/bin/apr-1-config'
APUCONFIG='/usr/local/globule-Setup2/bin/apu-1-config'
APXS='/usr/local/globule-Setup2/bin/apxs'
AR='ar'
AUTOCONF='${SHELL} /home/pragya/Documents/globule/Setup2/mod-globule-1.3.2/missing --run autoconf'
AUTOHEADER='${SHELL} /home/pragya/Documents/globule/Setup2/mod-globule-1.3.2/missing --run autoheader'
AUTOMAKE='${SHELL} /home/pragya/Documents/globule/Setup2/mod-globule-1.3.2/missing --run automake-1.9'
AWK='mawk'
CC='gcc'
CCDEPMODE='depmode=gcc3'
CFLAGS=' -g -O2 -pthread  -I/usr/local/globule-Setup2/include    -D_LARGEFILE64_SOURCE -Wmissing-declarations'
CPP='gcc -E'
CPPFLAGS=' -I/usr/local/globule-Setup2/include    -I/usr/local/globule-Setup2/include  -I/usr/local/globule-Setup2/include'
CXX='g++'
CXXCPP='g++ -E'
CXXDEPMODE='depmode=gcc3'
CXXFLAGS=' -D_REENTRANT -D_GNU_SOURCE -g -O2 '
CYGPATH_W='echo'
DEBUGGCC_FALSE=''
DEBUGGCC_TRUE='#'
DEBUG_FALSE=''
DEBUG_TRUE='#'
DEFS='-DHAVE_CONFIG_H'
DEPDIR='.deps'
ECHO='echo'
ECHO_C=''
ECHO_N='-n'
ECHO_T=''
EGREP='grep -E'
EXEEXT=''
F77=''
FFLAGS=''
HTTPD='/usr/local/globule-Setup2/bin/httpd'
INSTALL_DATA='${INSTALL} -m 644'
INSTALL_PROGRAM='${INSTALL}'
INSTALL_SCRIPT='${INSTALL}'
INSTALL_STRIP_PROGRAM='${SHELL} $(install_sh) -c -s'
INSTDOCUMENTATION=''
INSTDOCUMENTATION_FALSE=''
INSTDOCUMENTATION_TRUE='#'
INSTGLOBULEADM=''
INSTGLOBULEADM_FALSE=''
INSTGLOBULEADM_TRUE='#'
LDFLAGS=' /usr/local/globule-Setup2/lib/libapr-1.la -lrt -lcrypt  -lpthread -ldl   /usr/local/globule-Setup2/lib/libaprutil-1.la -lexpat -L/usr/local/globule-Setup2/lib -release 1.3.2'
LIBOBJS=''
LIBS='-lz -lresolv '
LIBTOOL='$(SHELL) $(top_builddir)/libtool'
LN_S='ln -s'
LTLIBOBJS=''
MAKEINFO='${SHELL} /home/pragya/Documents/globule/Setup2/mod-globule-1.3.2/missing --run makeinfo'
OBJEXT='o'
OPENSSLDIR=''
OPTIMIZE_FALSE=''
OPTIMIZE_TRUE='#'
PACKAGE='mod-globule'
PACKAGE_BUGREPORT=''
PACKAGE_NAME=''
PACKAGE_STRING=''
PACKAGE_TARNAME=''
PACKAGE_VERSION=''
PATH_SEPARATOR=':'
PERL='/usr/bin/perl'
PROFILE_FALSE=''
PROFILE_TRUE='#'
PSODIUM_FALSE=''
PSODIUM_TRUE='#'
RANLIB='ranlib'
REPLACEMENTRMM_FALSE=''
REPLACEMENTRMM_TRUE='#'
SET_MAKE=''
SHELL='/bin/bash'
STRIP='strip'
VERSION='1.3.2'
ac_ct_AR='ar'
ac_ct_CC='gcc'
ac_ct_CXX='g++'
ac_ct_F77=''
ac_ct_RANLIB='ranlib'
ac_ct_STRIP='strip'
am__fastdepCC_FALSE='#'
am__fastdepCC_TRUE=''
am__fastdepCXX_FALSE='#'
am__fastdepCXX_TRUE=''
am__include='include'
am__leading_dot='.'
am__quote=''
am__tar='${AMTAR} chof - "$$tardir"'
am__untar='${AMTAR} xf -'
bindir='/usr/local/globule-Setup2/bin'
build='x86_64-unknown-linux-gnu'
build_alias=''
build_cpu='x86_64'
build_os='linux-gnu'
build_vendor='unknown'
datadir='${prefix}/share'
exec_prefix='${prefix}'
host='x86_64-unknown-linux-gnu'
host_alias=''
host_cpu='x86_64'
host_os='linux-gnu'
host_vendor='unknown'
includedir='${prefix}/include'
infodir='${prefix}/info'
install_sh='/home/pragya/Documents/globule/Setup2/mod-globule-1.3.2/install-sh'
libdir='/usr/local/globule-Setup2/modules'
libexecdir='${exec_prefix}/libexec'
localstatedir='${prefix}/var'
mandir='${prefix}/man'
mkdir_p='mkdir -p --'
oldincludedir='/usr/include'
prefix='/dev/null'
program_transform_name='s,x,x,'
sbindir='/usr/local/globule-Setup2/bin'
sharedstatedir='${prefix}/com'
sysconfdir='${prefix}/etc'
target='x86_64-unknown-linux-gnu'
target_alias=''
target_cpu='x86_64'
target_os='linux-gnu'
target_vendor='unknown'

## ----------- ##
## confdefs.h. ##
## ----------- ##

#define HAVE_DLFCN_H 1
#define HAVE_GETOPT_H 1
#define HAVE_GETOPT_LONG 1
#define HAVE_INTTYPES_H 1
#define HAVE_LIBRESOLV 1
#define HAVE_LIBZ 1
#define HAVE_LIMITS_H 1
#define HAVE_LLRINT 1
#define HAVE_LRINT 1
#define HAVE_MATH_H 1
#define HAVE_MEMORY_H 1
#define HAVE_SNPRINTF 1
#define HAVE_STDINT_H 1
#define HAVE_STDLIB_H 1
#define HAVE_STRINGS_H 1
#define HAVE_STRINGS_H 1
#define HAVE_STRING_H 1
#define HAVE_SYS_STAT_H 1
#define HAVE_SYS_TYPES_H 1
#define HAVE_UNISTD_H 1
#define HAVE_UNISTD_H 1
#define HAVE_VALUES_H 1
#define HAVE_VSNPRINTF 1
#define HAVE_ZLIB_H 1
#define MANDRAKE10_PATCH 1
#define PACKAGE "mod-globule"
#define PACKAGE_BUGREPORT ""
#define PACKAGE_NAME ""
#define PACKAGE_STRING ""
#define PACKAGE_TARNAME ""
#define PACKAGE_VERSION ""
#define STDC_HEADERS 1
#define VERSION "1.3.2"
#endif
#ifdef __cplusplus
extern "C" void exit (int) throw ();

configure: exit 0

## ---------------------- ##
## Running config.status. ##
## ---------------------- ##

This file was extended by config.status, which was
generated by GNU Autoconf 2.59.  Invocation command line was

  CONFIG_FILES    = 
  CONFIG_HEADERS  = 
  CONFIG_LINKS    = 
  CONFIG_COMMANDS = 
  $ ./config.status sample/Makefile

on pragya-VirtualBox

config.status:755: creating sample/Makefile

## ---------------------- ##
## Running config.status. ##
## ---------------------- ##

This file was extended by config.status, which was
generated by GNU Autoconf 2.59.  Invocation command line was

  CONFIG_FILES    = 
  CONFIG_HEADERS  = 
  CONFIG_LINKS    = 
  CONFIG_COMMANDS = 
  $ ./config.status Makefile

on pragya-VirtualBox

config.status:755: creating Makefile

## ---------------------- ##
## Running config.status. ##
## ---------------------- ##

This file was extended by config.status, which was
generated by GNU Autoconf 2.59.  Invocation command line was

  CONFIG_FILES    = 
  CONFIG_HEADERS  = 
  CONFIG_LINKS    = 
  CONFIG_COMMANDS = 
  $ ./config.status globule/Makefile depfiles

on pragya-VirtualBox

config.status:755: creating globule/Makefile
config.status:1177: executing depfiles commands

## ---------------------- ##
## Running config.status. ##
## ---------------------- ##

This file was extended by config.status, which was
generated by GNU Autoconf 2.59.  Invocation command line was

  CONFIG_FILES    = 
  CONFIG_HEADERS  = 
  CONFIG_LINKS    = 
  CONFIG_COMMANDS = 
  $ ./config.status globule/adapt/Makefile depfiles

on pragya-VirtualBox

config.status:755: creating globule/adapt/Makefile
config.status:1177: executing depfiles commands

## ---------------------- ##
## Running config.status. ##
## ---------------------- ##

This file was extended by config.status, which was
generated by GNU Autoconf 2.59.  Invocation command line was

  CONFIG_FILES    = 
  CONFIG_HEADERS  = 
  CONFIG_LINKS    = 
  CONFIG_COMMANDS = 
  $ ./config.status monitor/Makefile depfiles

on pragya-VirtualBox

config.status:755: creating monitor/Makefile
config.status:1177: executing depfiles commands
